<?xml version="1.0" encoding="UTF-8"?>
<!-- Generated by org.testng.reporters.JUnitReportReporter -->
<testsuite hostname="Ebunlomo" failures="0" tests="2" name="TestDemo" time="0.017" errors="0" timestamp="2024-12-14T11:44:47 WAT" skipped="0">
  <testcase classname="TestDemo" name="openapp" time="0.015"/>
  <testcase classname="TestDemo" name="logout" time="0.002"/>
</testsuite> <!-- TestDemo -->
